  skybox.cpp
C:\Users\CANTGOPUBATH\source\repos\CG_Miniproject\CG_Miniproject\skybox.cpp(51): warning C4244: '초기화 중': 'float'에서 'int'(으)로 변환하면서 데이터가 손실될 수 있습니다.
C:\Users\CANTGOPUBATH\source\repos\CG_Miniproject\CG_Miniproject\skybox.cpp(58): warning C4244: '인수': 'int'에서 'GLfloat'(으)로 변환하면서 데이터가 손실될 수 있습니다.
C:\Users\CANTGOPUBATH\source\repos\CG_Miniproject\CG_Miniproject\skybox.cpp(58): warning C4244: '인수': 'double'에서 'GLfloat'(으)로 변환하면서 데이터가 손실될 수 있습니다.
C:\Users\CANTGOPUBATH\source\repos\CG_Miniproject\CG_Miniproject\skybox.cpp(59): warning C4244: '인수': 'int'에서 'GLfloat'(으)로 변환하면서 데이터가 손실될 수 있습니다.
C:\Users\CANTGOPUBATH\source\repos\CG_Miniproject\CG_Miniproject\skybox.cpp(59): warning C4244: '인수': 'double'에서 'GLfloat'(으)로 변환하면서 데이터가 손실될 수 있습니다.
C:\Users\CANTGOPUBATH\source\repos\CG_Miniproject\CG_Miniproject\skybox.cpp(60): warning C4244: '인수': 'int'에서 'GLfloat'(으)로 변환하면서 데이터가 손실될 수 있습니다.
C:\Users\CANTGOPUBATH\source\repos\CG_Miniproject\CG_Miniproject\skybox.cpp(60): warning C4244: '인수': 'double'에서 'GLfloat'(으)로 변환하면서 데이터가 손실될 수 있습니다.
C:\Users\CANTGOPUBATH\source\repos\CG_Miniproject\CG_Miniproject\skybox.cpp(61): warning C4244: '인수': 'int'에서 'GLfloat'(으)로 변환하면서 데이터가 손실될 수 있습니다.
C:\Users\CANTGOPUBATH\source\repos\CG_Miniproject\CG_Miniproject\skybox.cpp(61): warning C4244: '인수': 'double'에서 'GLfloat'(으)로 변환하면서 데이터가 손실될 수 있습니다.
C:\Users\CANTGOPUBATH\source\repos\CG_Miniproject\CG_Miniproject\skybox.cpp(68): warning C4244: '인수': 'int'에서 'GLfloat'(으)로 변환하면서 데이터가 손실될 수 있습니다.
C:\Users\CANTGOPUBATH\source\repos\CG_Miniproject\CG_Miniproject\skybox.cpp(68): warning C4244: '인수': 'double'에서 'GLfloat'(으)로 변환하면서 데이터가 손실될 수 있습니다.
C:\Users\CANTGOPUBATH\source\repos\CG_Miniproject\CG_Miniproject\skybox.cpp(69): warning C4244: '인수': 'int'에서 'GLfloat'(으)로 변환하면서 데이터가 손실될 수 있습니다.
C:\Users\CANTGOPUBATH\source\repos\CG_Miniproject\CG_Miniproject\skybox.cpp(69): warning C4244: '인수': 'double'에서 'GLfloat'(으)로 변환하면서 데이터가 손실될 수 있습니다.
C:\Users\CANTGOPUBATH\source\repos\CG_Miniproject\CG_Miniproject\skybox.cpp(70): warning C4244: '인수': 'int'에서 'GLfloat'(으)로 변환하면서 데이터가 손실될 수 있습니다.
C:\Users\CANTGOPUBATH\source\repos\CG_Miniproject\CG_Miniproject\skybox.cpp(70): warning C4244: '인수': 'double'에서 'GLfloat'(으)로 변환하면서 데이터가 손실될 수 있습니다.
C:\Users\CANTGOPUBATH\source\repos\CG_Miniproject\CG_Miniproject\skybox.cpp(71): warning C4244: '인수': 'int'에서 'GLfloat'(으)로 변환하면서 데이터가 손실될 수 있습니다.
C:\Users\CANTGOPUBATH\source\repos\CG_Miniproject\CG_Miniproject\skybox.cpp(71): warning C4244: '인수': 'double'에서 'GLfloat'(으)로 변환하면서 데이터가 손실될 수 있습니다.
C:\Users\CANTGOPUBATH\source\repos\CG_Miniproject\CG_Miniproject\skybox.cpp(78): warning C4244: '인수': 'int'에서 'GLfloat'(으)로 변환하면서 데이터가 손실될 수 있습니다.
C:\Users\CANTGOPUBATH\source\repos\CG_Miniproject\CG_Miniproject\skybox.cpp(78): warning C4244: '인수': 'double'에서 'GLfloat'(으)로 변환하면서 데이터가 손실될 수 있습니다.
C:\Users\CANTGOPUBATH\source\repos\CG_Miniproject\CG_Miniproject\skybox.cpp(79): warning C4244: '인수': 'int'에서 'GLfloat'(으)로 변환하면서 데이터가 손실될 수 있습니다.
C:\Users\CANTGOPUBATH\source\repos\CG_Miniproject\CG_Miniproject\skybox.cpp(79): warning C4244: '인수': 'double'에서 'GLfloat'(으)로 변환하면서 데이터가 손실될 수 있습니다.
C:\Users\CANTGOPUBATH\source\repos\CG_Miniproject\CG_Miniproject\skybox.cpp(80): warning C4244: '인수': 'int'에서 'GLfloat'(으)로 변환하면서 데이터가 손실될 수 있습니다.
C:\Users\CANTGOPUBATH\source\repos\CG_Miniproject\CG_Miniproject\skybox.cpp(80): warning C4244: '인수': 'double'에서 'GLfloat'(으)로 변환하면서 데이터가 손실될 수 있습니다.
C:\Users\CANTGOPUBATH\source\repos\CG_Miniproject\CG_Miniproject\skybox.cpp(81): warning C4244: '인수': 'int'에서 'GLfloat'(으)로 변환하면서 데이터가 손실될 수 있습니다.
C:\Users\CANTGOPUBATH\source\repos\CG_Miniproject\CG_Miniproject\skybox.cpp(81): warning C4244: '인수': 'double'에서 'GLfloat'(으)로 변환하면서 데이터가 손실될 수 있습니다.
C:\Users\CANTGOPUBATH\source\repos\CG_Miniproject\CG_Miniproject\skybox.cpp(88): warning C4244: '인수': 'int'에서 'GLfloat'(으)로 변환하면서 데이터가 손실될 수 있습니다.
C:\Users\CANTGOPUBATH\source\repos\CG_Miniproject\CG_Miniproject\skybox.cpp(88): warning C4244: '인수': 'double'에서 'GLfloat'(으)로 변환하면서 데이터가 손실될 수 있습니다.
C:\Users\CANTGOPUBATH\source\repos\CG_Miniproject\CG_Miniproject\skybox.cpp(89): warning C4244: '인수': 'int'에서 'GLfloat'(으)로 변환하면서 데이터가 손실될 수 있습니다.
C:\Users\CANTGOPUBATH\source\repos\CG_Miniproject\CG_Miniproject\skybox.cpp(89): warning C4244: '인수': 'double'에서 'GLfloat'(으)로 변환하면서 데이터가 손실될 수 있습니다.
C:\Users\CANTGOPUBATH\source\repos\CG_Miniproject\CG_Miniproject\skybox.cpp(90): warning C4244: '인수': 'int'에서 'GLfloat'(으)로 변환하면서 데이터가 손실될 수 있습니다.
C:\Users\CANTGOPUBATH\source\repos\CG_Miniproject\CG_Miniproject\skybox.cpp(90): warning C4244: '인수': 'double'에서 'GLfloat'(으)로 변환하면서 데이터가 손실될 수 있습니다.
C:\Users\CANTGOPUBATH\source\repos\CG_Miniproject\CG_Miniproject\skybox.cpp(91): warning C4244: '인수': 'int'에서 'GLfloat'(으)로 변환하면서 데이터가 손실될 수 있습니다.
C:\Users\CANTGOPUBATH\source\repos\CG_Miniproject\CG_Miniproject\skybox.cpp(91): warning C4244: '인수': 'double'에서 'GLfloat'(으)로 변환하면서 데이터가 손실될 수 있습니다.
C:\Users\CANTGOPUBATH\source\repos\CG_Miniproject\CG_Miniproject\skybox.cpp(98): warning C4244: '인수': 'int'에서 'GLfloat'(으)로 변환하면서 데이터가 손실될 수 있습니다.
C:\Users\CANTGOPUBATH\source\repos\CG_Miniproject\CG_Miniproject\skybox.cpp(98): warning C4244: '인수': 'double'에서 'GLfloat'(으)로 변환하면서 데이터가 손실될 수 있습니다.
C:\Users\CANTGOPUBATH\source\repos\CG_Miniproject\CG_Miniproject\skybox.cpp(99): warning C4244: '인수': 'int'에서 'GLfloat'(으)로 변환하면서 데이터가 손실될 수 있습니다.
C:\Users\CANTGOPUBATH\source\repos\CG_Miniproject\CG_Miniproject\skybox.cpp(99): warning C4244: '인수': 'double'에서 'GLfloat'(으)로 변환하면서 데이터가 손실될 수 있습니다.
C:\Users\CANTGOPUBATH\source\repos\CG_Miniproject\CG_Miniproject\skybox.cpp(100): warning C4244: '인수': 'int'에서 'GLfloat'(으)로 변환하면서 데이터가 손실될 수 있습니다.
C:\Users\CANTGOPUBATH\source\repos\CG_Miniproject\CG_Miniproject\skybox.cpp(100): warning C4244: '인수': 'double'에서 'GLfloat'(으)로 변환하면서 데이터가 손실될 수 있습니다.
C:\Users\CANTGOPUBATH\source\repos\CG_Miniproject\CG_Miniproject\skybox.cpp(101): warning C4244: '인수': 'int'에서 'GLfloat'(으)로 변환하면서 데이터가 손실될 수 있습니다.
C:\Users\CANTGOPUBATH\source\repos\CG_Miniproject\CG_Miniproject\skybox.cpp(101): warning C4244: '인수': 'double'에서 'GLfloat'(으)로 변환하면서 데이터가 손실될 수 있습니다.
C:\Users\CANTGOPUBATH\source\repos\CG_Miniproject\CG_Miniproject\skybox.cpp(109): warning C4244: '인수': 'int'에서 'GLfloat'(으)로 변환하면서 데이터가 손실될 수 있습니다.
C:\Users\CANTGOPUBATH\source\repos\CG_Miniproject\CG_Miniproject\skybox.cpp(109): warning C4244: '인수': 'double'에서 'GLfloat'(으)로 변환하면서 데이터가 손실될 수 있습니다.
C:\Users\CANTGOPUBATH\source\repos\CG_Miniproject\CG_Miniproject\skybox.cpp(110): warning C4244: '인수': 'int'에서 'GLfloat'(으)로 변환하면서 데이터가 손실될 수 있습니다.
C:\Users\CANTGOPUBATH\source\repos\CG_Miniproject\CG_Miniproject\skybox.cpp(110): warning C4244: '인수': 'double'에서 'GLfloat'(으)로 변환하면서 데이터가 손실될 수 있습니다.
C:\Users\CANTGOPUBATH\source\repos\CG_Miniproject\CG_Miniproject\skybox.cpp(111): warning C4244: '인수': 'int'에서 'GLfloat'(으)로 변환하면서 데이터가 손실될 수 있습니다.
C:\Users\CANTGOPUBATH\source\repos\CG_Miniproject\CG_Miniproject\skybox.cpp(111): warning C4244: '인수': 'double'에서 'GLfloat'(으)로 변환하면서 데이터가 손실될 수 있습니다.
C:\Users\CANTGOPUBATH\source\repos\CG_Miniproject\CG_Miniproject\skybox.cpp(112): warning C4244: '인수': 'int'에서 'GLfloat'(으)로 변환하면서 데이터가 손실될 수 있습니다.
C:\Users\CANTGOPUBATH\source\repos\CG_Miniproject\CG_Miniproject\skybox.cpp(112): warning C4244: '인수': 'double'에서 'GLfloat'(으)로 변환하면서 데이터가 손실될 수 있습니다.
C:\Users\CANTGOPUBATH\source\repos\CG_Miniproject\CG_Miniproject\skybox.cpp(218): warning C4244: '인수': 'float'에서 'GLint'(으)로 변환하면서 데이터가 손실될 수 있습니다.
C:\Users\CANTGOPUBATH\source\repos\CG_Miniproject\CG_Miniproject\skybox.cpp(219): warning C4244: '인수': 'float'에서 'GLint'(으)로 변환하면서 데이터가 손실될 수 있습니다.
C:\Users\CANTGOPUBATH\source\repos\CG_Miniproject\CG_Miniproject\skybox.cpp(220): warning C4244: '인수': 'float'에서 'GLint'(으)로 변환하면서 데이터가 손실될 수 있습니다.
C:\Users\CANTGOPUBATH\source\repos\CG_Miniproject\CG_Miniproject\skybox.cpp(221): warning C4244: '인수': 'float'에서 'GLint'(으)로 변환하면서 데이터가 손실될 수 있습니다.
  코드를 생성하고 있습니다.
  0 of 278 functions ( 0.0%) were compiled, the rest were copied from previous compilation.
    0 functions were new in current compilation
    0 functions had inline decision re-evaluated but remain unchanged
  코드를 생성했습니다.
  CG_Miniproject.vcxproj -> C:\Users\CANTGOPUBATH\source\repos\CG_Miniproject\x64\Release\CG_Miniproject.exe
